0 verbose cli /Users/katiexu/.asdf/installs/nodejs/20.10.0/bin/node /Users/katiexu/.asdf/installs/nodejs/20.10.0/bin/npm
1 info using npm@10.2.3
2 info using node@v20.10.0
3 timing npm:load:whichnode Completed in 1ms
4 timing config:load:defaults Completed in 1ms
5 timing config:load:file:/Users/katiexu/.asdf/installs/nodejs/20.10.0/lib/node_modules/npm/npmrc Completed in 0ms
6 timing config:load:builtin Completed in 1ms
7 timing config:load:cli Completed in 1ms
8 timing config:load:env Completed in 0ms
9 timing config:load:file:/Users/katiexu/Downloads/creator-job-board/.npm-cache/_cacache/tmp/git-cloneQjh2lg/.npmrc Completed in 0ms
10 timing config:load:project Completed in 3ms
11 timing config:load:file:/Users/katiexu/.npmrc Completed in 0ms
12 timing config:load:user Completed in 0ms
13 timing config:load:file:/Users/katiexu/.asdf/installs/nodejs/20.10.0/etc/npmrc Completed in 0ms
14 timing config:load:global Completed in 0ms
15 timing config:load:setEnvs Completed in 1ms
16 timing config:load Completed in 8ms
17 timing npm:load:configload Completed in 8ms
18 timing config:load:flatten Completed in 1ms
19 timing npm:load:mkdirpcache Completed in 0ms
20 timing npm:load:mkdirplogs Completed in 0ms
21 verbose title npm run gentypes
22 verbose argv "run" "gentypes"
23 timing npm:load:setTitle Completed in 7ms
24 timing npm:load:display Completed in 1ms
25 verbose logfile logs-max:10 dir:/Users/katiexu/Downloads/creator-job-board/.npm-cache/_logs/2026-01-02T08_54_53_608Z-
26 verbose logfile /Users/katiexu/Downloads/creator-job-board/.npm-cache/_logs/2026-01-02T08_54_53_608Z-debug-0.log
27 timing npm:load:logFile Completed in 4ms
28 timing npm:load:timers Completed in 0ms
29 timing npm:load:configScope Completed in 0ms
30 warn using --force Recommended protections disabled.
31 timing npm:load Completed in 29ms
32 silly logfile done cleaning log files
33 timing command:run Completed in 2649ms
34 verbose exit 0
35 timing npm Completed in 2710ms
36 info ok
